<?xml version="1.0" encoding="UTF-8"?>
<testng-results skipped="0" failed="0" ignored="0" total="1" passed="1">
  <reporter-output>
  </reporter-output>
  <suite name="Default suite" duration-ms="17801" started-at="2019-09-17T10:55:19Z" finished-at="2019-09-17T10:55:37Z">
    <groups>
    </groups>
    <test name="Default test" duration-ms="17801" started-at="2019-09-17T10:55:19Z" finished-at="2019-09-17T10:55:37Z">
      <class name="org.shl.testng.Flipcart.TestScript">
        <test-method status="PASS" signature="Launch_Browser()[pri:0, instance:org.shl.testng.Flipcart.TestScript@42d80b78]" name="Launch_Browser" is-config="true" duration-ms="13690" started-at="2019-09-17T10:55:19Z" finished-at="2019-09-17T10:55:33Z">
          <reporter-output>
          </reporter-output>
        </test-method> <!-- Launch_Browser -->
        <test-method status="PASS" signature="Login()[pri:0, instance:org.shl.testng.Flipcart.TestScript@42d80b78]" name="Login" duration-ms="1601" started-at="2019-09-17T10:55:33Z" finished-at="2019-09-17T10:55:34Z">
          <reporter-output>
          </reporter-output>
        </test-method> <!-- Login -->
        <test-method status="PASS" signature="Close_Browser()[pri:0, instance:org.shl.testng.Flipcart.TestScript@42d80b78]" name="Close_Browser" is-config="true" duration-ms="2468" started-at="2019-09-17T10:55:34Z" finished-at="2019-09-17T10:55:37Z">
          <reporter-output>
          </reporter-output>
        </test-method> <!-- Close_Browser -->
      </class> <!-- org.shl.testng.Flipcart.TestScript -->
    </test> <!-- Default test -->
  </suite> <!-- Default suite -->
</testng-results>
